<?xml version="1.0" encoding="UTF-8"?>
<!-- Generated by org.testng.reporters.JUnitReportReporter -->
<testsuite hostname="DESKTOP-C2I0Q31" failures="0" tests="3" name="com.pa.qa.testcases.HomePageTest" time="435.835" errors="0" timestamp="17 Jul 2020 06:58:05 GMT" skipped="0">
  <testcase classname="com.pa.qa.testcases.HomePageTest" name="HomePageSlidesTest" time="134.045"/>
  <testcase classname="com.pa.qa.testcases.HomePageTest" name="HomePageArrivalsTest" time="120.358"/>
  <testcase classname="com.pa.qa.testcases.HomePageTest" name="HomePageNewArrivalsNavigateTest" time="181.432"/>
</testsuite> <!-- com.pa.qa.testcases.HomePageTest -->
